INFO:root:Extracted GTF attributes: ['gene_id', 'gene_type', 'gene_name', 'level', 'hgnc_id', 'havana_gene', 'transcript_id', 'transcript_type', 'transcript_name', 'transcript_support_level', 'tag', 'havana_transcript', 'exon_number', 'exon_id', 'ont', 'protein_id', 'ccdsid']
Index(['seqname', 'source', 'feature', 'start', 'end', 'score', 'strand',
       'frame', 'gene_id', 'gene_type', 'gene_name', 'level', 'hgnc_id',
       'havana_gene', 'transcript_id', 'transcript_type', 'transcript_name',
       'transcript_support_level', 'tag', 'havana_transcript', 'exon_number',
       'exon_id', 'ont', 'protein_id', 'ccdsid'],
      dtype='object')
(3150424, 25)
File name: chr10.fa
chr10
(57804, 25)
/mnt/data05/shared/pdutta_data/Human_Genome_Data/region_wise_sequence/chr10

 ENST00000016171.6 9
-
##$$$ chr10:99731760-99732159 0
@@@@ 0
##$$$ chr10:99729353-99729752 1
@@@@ 1
##$$$ chr10:99727241-99727640 2
@@@@ 2
##$$$ chr10:99726768-99727167 3
@@@@ 3
##$$$ chr10:99723756-99724155 4
@@@@ 4
##$$$ chr10:99720787-99721186 5
@@@@ 5
##$$$ chr10:99718146-99718545 6
@@@@ 6
##$$$ chr10:99716148-99716547 7
@@@@ 7

 ENST00000020673.6 17
-
##$$$ chr10:102418501-102418900 8
@@@@ 8
##$$$ chr10:102416185-102416584 9
@@@@ 9
##$$$ chr10:102415817-102416216 10
@@@@ 10
##$$$ chr10:102414663-102415062 11
@@@@ 11
##$$$ chr10:102413569-102413968 12
@@@@ 12
##$$$ chr10:102412181-102412580 13
@@@@ 13
##$$$ chr10:102411947-102412346 14
@@@@ 14
##$$$ chr10:102411507-102411906 15
@@@@ 15
##$$$ chr10:102410858-102411257 16
@@@@ 16
##$$$ chr10:102410658-102411057 17
@@@@ 17
##$$$ chr10:102407023-102407422 18
@@@@ 18
##$$$ chr10:102405146-102405545 19
@@@@ 19
##$$$ chr10:102404983-102405382 20
@@@@ 20
##$$$ chr10:102404698-102405097 21
@@@@ 21
##$$$ chr10:102404383-102404782 22
@@@@ 22
##$$$ chr10:102403642-102404041 23
@@@@ 23

 ENST00000173785.4 3
-
##$$$ chr10:3781595-3781994 24
@@@@ 24
##$$$ chr10:3779906-3780305 25
@@@@ 25

 ENST00000181796.7 5
-
##$$$ chr10:14774053-14774452 26
@@@@ 26
##$$$ chr10:14667434-14667833 27
@@@@ 27
##$$$ chr10:14530132-14530531 28
@@@@ 28
##$$$ chr10:14521669-14522068 29
@@@@ 29

 ENST00000189444.11 23
+
##$$$ chr10:102395597-102395996 30
@@@@ 30
##$$$ chr10:102395689-102396088
### 30
##$$$ chr10:102395781-102396180 31
@@@@ 31
##$$$ chr10:102396054-102396453
### 31
##$$$ chr10:102396135-102396534 32
@@@@ 32
##$$$ chr10:102396250-102396649
### 32
##$$$ chr10:102396290-102396689 33
@@@@ 33
##$$$ chr10:102396526-102396925
### 33
##$$$ chr10:102396624-102397023 34
@@@@ 34
##$$$ chr10:102396705-102397104
### 34
##$$$ chr10:102396856-102397255 35
@@@@ 35
##$$$ chr10:102397103-102397502
### 35
##$$$ chr10:102397209-102397608 36
@@@@ 36
##$$$ chr10:102397328-102397727
### 36
##$$$ chr10:102397486-102397885 37
@@@@ 37
##$$$ chr10:102397782-102398181
### 37
##$$$ chr10:102397886-102398285 38
@@@@ 38
##$$$ chr10:102398013-102398412
### 38
##$$$ chr10:102398098-102398497 39
@@@@ 39
##$$$ chr10:102398186-102398585
### 39
##$$$ chr10:102398324-102398723 40
@@@@ 40
##$$$ chr10:102398540-102398939
### 40
##$$$ chr10:102398665-102399064 41
@@@@ 41
##$$$ chr10:102399089-102399488
### 41
##$$$ chr10:102399298-102399697 42
@@@@ 42
##$$$ chr10:102399378-102399777
### 42
##$$$ chr10:102399519-102399918 43
@@@@ 43
##$$$ chr10:102399881-102400280
### 43
##$$$ chr10:102399995-102400394 44
@@@@ 44
##$$$ chr10:102400079-102400478
### 44
##$$$ chr10:102400292-102400691 45
@@@@ 45
##$$$ chr10:102400456-102400855
### 45
##$$$ chr10:102400625-102401024 46
@@@@ 46
##$$$ chr10:102400748-102401147
### 46
##$$$ chr10:102400850-102401249 47
@@@@ 47
##$$$ chr10:102400981-102401380
### 47
##$$$ chr10:102401132-102401531 48
@@@@ 48
##$$$ chr10:102401250-102401649
### 48
##$$$ chr10:102401319-102401718 49
@@@@ 49
##$$$ chr10:102401546-102401945
### 49
##$$$ chr10:102401718-102402117 50
@@@@ 50
##$$$ chr10:102401849-102402248
### 50
##$$$ chr10:102401960-102402359 51
@@@@ 51
##$$$ chr10:102402056-102402455
### 51

 ENST00000191063.8 6
-
##$$$ chr10:5888841-5889240 52
@@@@ 52
##$$$ chr10:5887647-5888046 53
@@@@ 53
##$$$ chr10:5885523-5885922 54
@@@@ 54
##$$$ chr10:5883769-5884168 55
@@@@ 55
##$$$ chr10:5882806-5883205 56
@@@@ 56

 ENST00000210633.3 14
+
##$$$ chr10:100972837-100973236 57
@@@@ 57
##$$$ chr10:100972930-100973329
### 57
##$$$ chr10:100973078-100973477 58
@@@@ 58
##$$$ chr10:100973348-100973747
### 58
##$$$ chr10:100973410-100973809 59
@@@@ 59
##$$$ chr10:100977433-100977832
### 59
##$$$ chr10:100977531-100977930 60
@@@@ 60
##$$$ chr10:100978096-100978495
### 60
##$$$ chr10:100978189-100978588 61
@@@@ 61
##$$$ chr10:100978328-100978727
### 61
##$$$ chr10:100978441-100978840 62
@@@@ 62
##$$$ chr10:100978650-100979049
### 62
##$$$ chr10:100978819-100979218 63
@@@@ 63
##$$$ chr10:100978903-100979302
### 63
##$$$ chr10:100979072-100979471 64
@@@@ 64
##$$$ chr10:100979649-100980048
### 64
##$$$ chr10:100979793-100980192 65
@@@@ 65
##$$$ chr10:100979923-100980322
### 65
##$$$ chr10:100980145-100980544 66
@@@@ 66
##$$$ chr10:100980379-100980778
### 66
##$$$ chr10:100980494-100980893 67
@@@@ 67
##$$$ chr10:100980623-100981022
### 67
##$$$ chr10:100980798-100981197 68
@@@@ 68
##$$$ chr10:100980969-100981368
### 68
##$$$ chr10:100981030-100981429 69
@@@@ 69
##$$$ chr10:100983106-100983505
### 69

 ENST00000211998.10 22
+
##$$$ chr10:73998176-73998575 70
@@@@ 70
##$$$ chr10:74042884-74043283
### 70
##$$$ chr10:74042954-74043353 71
@@@@ 71
##$$$ chr10:74070471-74070870
### 71
##$$$ chr10:74070621-74071020 72
@@@@ 72
##$$$ chr10:74070776-74071175
### 72
##$$$ chr10:74070884-74071283 73
@@@@ 73
##$$$ chr10:74072531-74072930
### 73
##$$$ chr10:74072653-74073052 74
@@@@ 74
##$$$ chr10:74074544-74074943
### 74
##$$$ chr10:74074704-74075103 75
@@@@ 75
##$$$ chr10:74082255-74082654
### 75
##$$$ chr10:74082345-74082744 76
@@@@ 76
##$$$ chr10:74083167-74083566
### 76
##$$$ chr10:74083314-74083713 77
@@@@ 77
##$$$ chr10:74088997-74089396
### 77
##$$$ chr10:74089150-74089549 78
@@@@ 78
##$$$ chr10:74089824-74090223
### 78
##$$$ chr10:74089999-74090398 79
@@@@ 79
##$$$ chr10:74094072-74094471
### 79
##$$$ chr10:74094262-74094661 80
@@@@ 80
##$$$ chr10:74095457-74095856
### 80
##$$$ chr10:74095656-74096055 81
@@@@ 81
##$$$ chr10:74097005-74097404
### 81
##$$$ chr10:74097133-74097532 82
@@@@ 82
##$$$ chr10:74100749-74101148
### 82
##$$$ chr10:74100898-74101297 83
@@@@ 83
##$$$ chr10:74103621-74104020
### 83
##$$$ chr10:74103729-74104128 84
@@@@ 84
##$$$ chr10:74104852-74105251
### 84
##$$$ chr10:74105154-74105553 85
@@@@ 85
##$$$ chr10:74107031-74107430
### 85
##$$$ chr10:74107155-74107554 86
@@@@ 86
##$$$ chr10:74108772-74109171
### 86
##$$$ chr10:74108957-74109356 87
@@@@ 87
##$$$ chr10:74111710-74112109
### 87
##$$$ chr10:74111913-74112312 88
@@@@ 88
##$$$ chr10:74113985-74114384
### 88
##$$$ chr10:74114188-74114587 89
@@@@ 89
##$$$ chr10:74114596-74114995
### 89
##$$$ chr10:74114700-74115099 90
@@@@ 90
##$$$ chr10:74117824-74118223
### 90

 ENST00000212015.11 9
+
##$$$ chr10:67884952-67885351 91
@@@@ 91
##$$$ chr10:67887218-67887617
### 91
##$$$ chr10:67887334-67887733 92
@@@@ 92
##$$$ chr10:67888683-67889082
### 92
##$$$ chr10:67888924-67889323 93
@@@@ 93
##$$$ chr10:67891203-67891602
### 93
##$$$ chr10:67891355-67891754 94
@@@@ 94
##$$$ chr10:67906591-67906990
### 94
##$$$ chr10:67906738-67907137 95
@@@@ 95
##$$$ chr10:67907847-67908246
### 95
##$$$ chr10:67907926-67908325 96
@@@@ 96
##$$$ chr10:67909057-67909456
### 96
##$$$ chr10:67909243-67909642 97
@@@@ 97
##$$$ chr10:67912275-67912674
### 97
##$$$ chr10:67912832-67913231 98
@@@@ 98
##$$$ chr10:67916066-67916465
### 98

 ENST00000224237.9 9
+
##$$$ chr10:17229786-17230185 99
@@@@ 99
##$$$ chr10:17230451-17230850
### 99
##$$$ chr10:17230511-17230910 100
@@@@ 100
##$$$ chr10:17233388-17233787
### 100
##$$$ chr10:17233483-17233882 101
@@@@ 101
##$$$ chr10:17233571-17233970
### 101
##$$$ chr10:17233732-17234131 102
@@@@ 102
##$$$ chr10:17234494-17234893
### 102
##$$$ chr10:17234619-17235018 103
@@@@ 103
##$$$ chr10:17234970-17235369
### 103
##$$$ chr10:17235190-17235589 104
@@@@ 104
##$$$ chr10:17235647-17236046
### 104
##$$$ chr10:17235690-17236089 105
@@@@ 105
##$$$ chr10:17236095-17236494
### 105
##$$$ chr10:17236180-17236579 106
@@@@ 106
##$$$ chr10:17237031-17237430
### 106

 ENST00000224337.10 17
-
##$$$ chr10:96271152-96271551 107
@@@@ 107
##$$$ chr10:96246784-96247183 108
@@@@ 108
##$$$ chr10:96242535-96242934 109
@@@@ 109
##$$$ chr10:96230594-96230993 110
@@@@ 110
##$$$ chr10:96227210-96227609 111
@@@@ 111
##$$$ chr10:96223626-96224025 112
@@@@ 112
##$$$ chr10:96216453-96216852 113
@@@@ 113
##$$$ chr10:96215121-96215520 114
@@@@ 114
##$$$ chr10:96209638-96210037 115
@@@@ 115
##$$$ chr10:96207672-96208071 116
@@@@ 116
##$$$ chr10:96206811-96207210 117
@@@@ 117
##$$$ chr10:96204332-96204731 118
@@@@ 118
##$$$ chr10:96203857-96204256 119
@@@@ 119
##$$$ chr10:96200782-96201181 120
@@@@ 120
##$$$ chr10:96199875-96200274 121
@@@@ 121
##$$$ chr10:96196708-96197107 122
@@@@ 122

 ENST00000224356.5 7
+
##$$$ chr10:93073924-93074323 123
@@@@ 123
##$$$ chr10:93074109-93074508
### 123
##$$$ chr10:93074333-93074732 124
@@@@ 124
##$$$ chr10:93074580-93074979
### 124
##$$$ chr10:93074870-93075269 125
@@@@ 125
##$$$ chr10:93074950-93075349
### 125
##$$$ chr10:93075108-93075507 126
@@@@ 126
##$$$ chr10:93075627-93076026
### 126
##$$$ chr10:93075761-93076160 127
@@@@ 127
##$$$ chr10:93076345-93076744
### 127
##$$$ chr10:93076497-93076896 128
@@@@ 128
##$$$ chr10:93076764-93077163
### 128

 ENST00000224652.11 12
-
##$$$ chr10:121927644-121928043 129
@@@@ 129
##$$$ chr10:121924066-121924465 130
@@@@ 130
##$$$ chr10:121922149-121922548 131
@@@@ 131
##$$$ chr10:121913590-121913989 132
@@@@ 132
##$$$ chr10:121910706-121911105 133
@@@@ 133
##$$$ chr10:121902191-121902590 134
@@@@ 134
##$$$ chr10:121899666-121900065 135
@@@@ 135
##$$$ chr10:121869806-121870205 136
@@@@ 136
##$$$ chr10:121840882-121841281 137
@@@@ 137
##$$$ chr10:121836518-121836917 138
@@@@ 138
##$$$ chr10:121789969-121790368 139
@@@@ 139

 ENST00000224721.12 70
+
##$$$ chr10:71397119-71397518 140
@@@@ 140
##$$$ chr10:71439628-71440027
### 140
##$$$ chr10:71439699-71440098 141
@@@@ 141
##$$$ chr10:71446119-71446518
### 141
##$$$ chr10:71446196-71446595 142
@@@@ 142
##$$$ chr10:71509883-71510282
### 142
##$$$ chr10:71510025-71510424 143
@@@@ 143
##$$$ chr10:71510755-71511154
### 143
##$$$ chr10:71510802-71511201 144
@@@@ 144
##$$$ chr10:71510921-71511320
### 144
##$$$ chr10:71511013-71511412 145
@@@@ 145
##$$$ chr10:71566543-71566942
### 145
##$$$ chr10:71566737-71567136 146
@@@@ 146
##$$$ chr10:71570591-71570990
### 146
##$$$ chr10:71570719-71571118 147
@@@@ 147
##$$$ chr10:71577715-71578114
### 147
##$$$ chr10:71577793-71578192 148
@@@@ 148
##$$$ chr10:71615305-71615704
### 148
##$$$ chr10:71615417-71615816 149
@@@@ 149
##$$$ chr10:71617006-71617405
### 149
##$$$ chr10:71617194-71617593 150
@@@@ 150
##$$$ chr10:71643662-71644061
### 150
##$$$ chr10:71643667-71644066 151
@@@@ 151
##$$$ chr10:71645632-71646031
### 151
##$$$ chr10:71645781-71646180 152
@@@@ 152
##$$$ chr10:71646260-71646659
### 152
##$$$ chr10:71646418-71646817 153
@@@@ 153
##$$$ chr10:71674913-71675312
### 153
##$$$ chr10:71674977-71675376 154
@@@@ 154
##$$$ chr10:71677257-71677656
### 154
##$$$ chr10:71677494-71677893 155
@@@@ 155
##$$$ chr10:71679188-71679587
### 155
##$$$ chr10:71679293-71679692 156
@@@@ 156
##$$$ chr10:71682246-71682645
### 156
##$$$ chr10:71682373-71682772 157
@@@@ 157
##$$$ chr10:71687448-71687847
### 157
##$$$ chr10:71687520-71687919 158
@@@@ 158
##$$$ chr10:71690269-71690668
### 158
##$$$ chr10:71690385-71690784 159
@@@@ 159
##$$$ chr10:71693948-71694347
### 159
##$$$ chr10:71694060-71694459 160
@@@@ 160
##$$$ chr10:71695219-71695618
### 160
##$$$ chr10:71695326-71695725 161
@@@@ 161
##$$$ chr10:71701823-71702222
### 161
##$$$ chr10:71702012-71702411 162
@@@@ 162
##$$$ chr10:71702350-71702749
### 162
##$$$ chr10:71702495-71702894 163
@@@@ 163
##$$$ chr10:71704712-71705111
### 163
##$$$ chr10:71704931-71705330 164
@@@@ 164
##$$$ chr10:71706698-71707097
### 164
##$$$ chr10:71706850-71707249 165
@@@@ 165
##$$$ chr10:71708899-71709298
### 165
##$$$ chr10:71709012-71709411 166
@@@@ 166
##$$$ chr10:71712466-71712865
### 166
##$$$ chr10:71712614-71713013 167
@@@@ 167
##$$$ chr10:71723846-71724245
### 167
##$$$ chr10:71723906-71724305 168
@@@@ 168
##$$$ chr10:71725173-71725572
### 168
##$$$ chr10:71725321-71725720 169
@@@@ 169
##$$$ chr10:71730270-71730669
### 169
##$$$ chr10:71730405-71730804 170
@@@@ 170
##$$$ chr10:71731788-71732187
### 170
##$$$ chr10:71732176-71732575 171
@@@@ 171
##$$$ chr10:71734041-71734440
### 171
##$$$ chr10:71734142-71734541 172
@@@@ 172
##$$$ chr10:71734457-71734856
### 172
##$$$ chr10:71734459-71734858 173
@@@@ 173
##$$$ chr10:71738299-71738698
### 173
##$$$ chr10:71738448-71738847 174
@@@@ 174
##$$$ chr10:71739445-71739844
### 174
##$$$ chr10:71739573-71739972 175
@@@@ 175
##$$$ chr10:71740623-71741022
### 175
##$$$ chr10:71740751-71741150 176
@@@@ 176
##$$$ chr10:71741495-71741894
### 176
##$$$ chr10:71741722-71742121 177
@@@@ 177
##$$$ chr10:71777481-71777880
### 177
##$$$ chr10:71777702-71778101 178
@@@@ 178
##$$$ chr10:71777990-71778389
### 178
##$$$ chr10:71778109-71778508 179
@@@@ 179
##$$$ chr10:71779068-71779467
### 179
##$$$ chr10:71779248-71779647 180
@@@@ 180
##$$$ chr10:71784088-71784487
### 180
##$$$ chr10:71784221-71784620 181
@@@@ 181
##$$$ chr10:71784692-71785091
### 181
##$$$ chr10:71784901-71785300 182
@@@@ 182
##$$$ chr10:71785432-71785831
### 182
##$$$ chr10:71785539-71785938 183
@@@@ 183
##$$$ chr10:71788741-71789140
### 183
##$$$ chr10:71788843-71789242 184
@@@@ 184
##$$$ chr10:71790089-71790488
### 184
##$$$ chr10:71790214-71790613 185
@@@@ 185
##$$$ chr10:71790933-71791332
### 185
##$$$ chr10:71791136-71791535 186
@@@@ 186
##$$$ chr10:71792983-71793382
### 186
##$$$ chr10:71793441-71793840 187
@@@@ 187
##$$$ chr10:71796905-71797304
### 187
##$$$ chr10:71797021-71797420 188
@@@@ 188
##$$$ chr10:71798155-71798554
### 188
##$$$ chr10:71798379-71798778 189
@@@@ 189
##$$$ chr10:71798912-71799311
### 189
##$$$ chr10:71799081-71799480 190
@@@@ 190
##$$$ chr10:71799293-71799692
### 190
##$$$ chr10:71799430-71799829 191
@@@@ 191
##$$$ chr10:71800437-71800836
### 191
##$$$ chr10:71800556-71800955 192
@@@@ 192
##$$$ chr10:71802699-71803098
### 192
##$$$ chr10:71802876-71803275 193
@@@@ 193
##$$$ chr10:71803010-71803409
### 193
##$$$ chr10:71803221-71803620 194
@@@@ 194
##$$$ chr10:71805607-71806006
### 194
##$$$ chr10:71805798-71806197 195
@@@@ 195
##$$$ chr10:71805969-71806368
### 195
##$$$ chr10:71806082-71806481 196
@@@@ 196
##$$$ chr10:71807078-71807477
### 196
##$$$ chr10:71807207-71807606 197
@@@@ 197
##$$$ chr10:71807317-71807716
### 197
##$$$ chr10:71807568-71807967 198
@@@@ 198
##$$$ chr10:71807647-71808046
### 198
##$$$ chr10:71807808-71808207 199
@@@@ 199
##$$$ chr10:71809621-71810020
### 199
##$$$ chr10:71809877-71810276 200
@@@@ 200
##$$$ chr10:71810273-71810672
### 200
##$$$ chr10:71810370-71810769 201
@@@@ 201
##$$$ chr10:71811116-71811515
### 201
##$$$ chr10:71811236-71811635 202
@@@@ 202
##$$$ chr10:71811312-71811711
### 202
##$$$ chr10:71811391-71811790 203
@@@@ 203
##$$$ chr10:71811514-71811913
### 203
##$$$ chr10:71811554-71811953 204
@@@@ 204
##$$$ chr10:71811756-71812155
### 204
##$$$ chr10:71811816-71812215 205
@@@@ 205
##$$$ chr10:71812281-71812680
### 205
##$$$ chr10:71812410-71812809 206
@@@@ 206
##$$$ chr10:71812569-71812968
### 206
##$$$ chr10:71812691-71813090 207
@@@@ 207
##$$$ chr10:71813045-71813444
### 207
##$$$ chr10:71813149-71813548 208
@@@@ 208
##$$$ chr10:71814753-71815152
### 208

 ENST00000224756.12 11
+
##$$$ chr10:84328609-84329008 209
@@@@ 209
##$$$ chr10:84370815-84371214
### 209
##$$$ chr10:84372270-84372669 210
@@@@ 210
##$$$ chr10:84373420-84373819
### 210
##$$$ chr10:84373616-84374015 211
@@@@ 211
##$$$ chr10:84417572-84417971
### 211
##$$$ chr10:84417662-84418061 212
@@@@ 212
##$$$ chr10:84425532-84425931
### 212
##$$$ chr10:84425694-84426093 213
@@@@ 213
##$$$ chr10:84438313-84438712
### 213
##$$$ chr10:84438508-84438907 214
@@@@ 214
##$$$ chr10:84463734-84464133
### 214
##$$$ chr10:84463817-84464216 215
@@@@ 215
##$$$ chr10:84470173-84470572
### 215
##$$$ chr10:84470259-84470658 216
@@@@ 216
##$$$ chr10:84477376-84477775
### 216
##$$$ chr10:84477465-84477864 217
@@@@ 217
##$$$ chr10:84499676-84500075
### 217
##$$$ chr10:84499760-84500159 218
@@@@ 218
##$$$ chr10:84513250-84513649
### 218

 ENST00000224784.10 9
-
##$$$ chr10:88952531-88952930 219
@@@@ 219
##$$$ chr10:88948602-88949001 220
@@@@ 220
##$$$ chr10:88947058-88947457 221
@@@@ 221
##$$$ chr10:88943597-88943996 222
@@@@ 222
##$$$ chr10:88941585-88941984 223
@@@@ 223
##$$$ chr10:88941029-88941428 224
@@@@ 224
##$$$ chr10:88939307-88939706 225
@@@@ 225
##$$$ chr10:88937861-88938260 226
@@@@ 226

 ENST00000224807.9 12
+
##$$$ chr10:101031335-101031734 227
@@@@ 227
##$$$ chr10:101032115-101032514
### 227
##$$$ chr10:101032283-101032682 228
@@@@ 228
##$$$ chr10:101034493-101034892
### 228
##$$$ chr10:101034656-101035055 229
@@@@ 229
##$$$ chr10:101035298-101035697
### 229
##$$$ chr10:101035468-101035867 230
@@@@ 230
##$$$ chr10:101035804-101036203
### 230
##$$$ chr10:101035902-101036301 231
@@@@ 231
##$$$ chr10:101036287-101036686
### 231
##$$$ chr10:101036362-101036761 232
@@@@ 232
##$$$ chr10:101036524-101036923
### 232
##$$$ chr10:101036609-101037008 233
@@@@ 233
##$$$ chr10:101036877-101037276
### 233
##$$$ chr10:101037004-101037403 234
@@@@ 234
##$$$ chr10:101037183-101037582
### 234
##$$$ chr10:101037232-101037631 235
@@@@ 235
##$$$ chr10:101038444-101038843
### 235
##$$$ chr10:101038493-101038892 236
@@@@ 236
##$$$ chr10:101038976-101039375
### 236
##$$$ chr10:101039023-101039422 237
@@@@ 237
##$$$ chr10:101039290-101039689
### 237

 ENST00000224949.9 27
-
##$$$ chr10:3172517-3172916 238
@@@@ 238
##$$$ chr10:3169904-3170303 239
@@@@ 239
##$$$ chr10:3166736-3167135 240
@@@@ 240
##$$$ chr10:3166029-3166428 241
@@@@ 241
##$$$ chr10:3165213-3165612 242
@@@@ 242
##$$$ chr10:3165038-3165437 243
@@@@ 243
##$$$ chr10:3163525-3163924 244
@@@@ 244
##$$$ chr10:3160004-3160403 245
@@@@ 245
##$$$ chr10:3159648-3160047 246
@@@@ 246
##$$$ chr10:3158714-3159113 247
@@@@ 247
##$$$ chr10:3157840-3158239 248
@@@@ 248
##$$$ chr10:3157235-3157634 249
@@@@ 249
##$$$ chr10:3156730-3157129 250
@@@@ 250
##$$$ chr10:3155391-3155790 251
@@@@ 251
##$$$ chr10:3151047-3151446 252
@@@@ 252
##$$$ chr10:3149421-3149820 253
@@@@ 253
##$$$ chr10:3147971-3148370 254
@@@@ 254
##$$$ chr10:3147787-3148186 255
@@@@ 255
##$$$ chr10:3147372-3147771 256
@@@@ 256
##$$$ chr10:3146950-3147349 257
@@@@ 257
##$$$ chr10:3145396-3145795 258
@@@@ 258
##$$$ chr10:3144092-3144491 259
@@@@ 259
##$$$ chr10:3143189-3143588 260
@@@@ 260
##$$$ chr10:3140487-3140886 261
@@@@ 261
##$$$ chr10:3138704-3139103 262
@@@@ 262
##$$$ chr10:3138035-3138434 263
@@@@ 263

 ENST00000224950.8 10
-
##$$$ chr10:103917900-103918299 264
@@@@ 264
##$$$ chr10:103917262-103917661 265
@@@@ 265
##$$$ chr10:103910327-103910726 266
@@@@ 266
##$$$ chr10:103904891-103905290 267
@@@@ 267
##$$$ chr10:103899862-103900261 268
@@@@ 268
##$$$ chr10:103898677-103899076 269
@@@@ 269
##$$$ chr10:103897348-103897747 270
@@@@ 270
##$$$ chr10:103891930-103892329 271
@@@@ 271
##$$$ chr10:103888872-103889271 272
@@@@ 272

 ENST00000225171.7 5
-
##$$$ chr10:67837734-67838133 273
@@@@ 273
##$$$ chr10:67823114-67823513 274
@@@@ 274
##$$$ chr10:67811324-67811723 275
@@@@ 275
##$$$ chr10:67805383-67805782 276
@@@@ 276

 ENST00000225174.8 6
+
##$$$ chr10:79347544-79347943 277
@@@@ 277
##$$$ chr10:79348877-79349276
### 277
##$$$ chr10:79348907-79349306 278
@@@@ 278
##$$$ chr10:79349466-79349865
### 278
##$$$ chr10:79349554-79349953 279
@@@@ 279
##$$$ chr10:79351288-79351687
### 279
##$$$ chr10:79351384-79351783 280
@@@@ 280
##$$$ chr10:79352118-79352517
### 280
##$$$ chr10:79352193-79352592 281
@@@@ 281
##$$$ chr10:79353508-79353907
### 281

 ENST00000225235.5 13
+
##$$$ chr10:94403385-94403784 282
@@@@ 282
##$$$ chr10:94441697-94442096
### 282
##$$$ chr10:94441820-94442219 283
@@@@ 283
##$$$ chr10:94474469-94474868
### 283
##$$$ chr10:94474584-94474983 284
@@@@ 284
##$$$ chr10:94493166-94493565
### 284
##$$$ chr10:94493248-94493647 285
@@@@ 285
##$$$ chr10:94496856-94497255
### 285
##$$$ chr10:94496973-94497372 286
@@@@ 286
##$$$ chr10:94500022-94500421
### 286
##$$$ chr10:94500128-94500527 287
@@@@ 287
##$$$ chr10:94507068-94507467
### 287
##$$$ chr10:94507148-94507547 288
@@@@ 288
##$$$ chr10:94509892-94510291
### 288
##$$$ chr10:94509980-94510379 289
@@@@ 289
##$$$ chr10:94511384-94511783
### 289
##$$$ chr10:94511455-94511854 290
@@@@ 290
##$$$ chr10:94521756-94522155
### 290
##$$$ chr10:94521884-94522283 291
@@@@ 291
##$$$ chr10:94522145-94522544
### 291
##$$$ chr10:94522254-94522653 292
@@@@ 292
##$$$ chr10:94531003-94531402
### 292
##$$$ chr10:94531261-94531660 293
@@@@ 293
##$$$ chr10:94532829-94533228
### 293

 ENST00000231383.8 1
+
##$$$ chr10:119621681-119622080 294

 ENST00000238936.8 10
+
##$$$ chr10:102461251-102461650 295
@@@@ 294
##$$$ chr10:102465783-102466182
### 294
##$$$ chr10:102465888-102466287 296
@@@@ 295
##$$$ chr10:102468756-102469155
### 295
##$$$ chr10:102468998-102469397 297
@@@@ 296
##$$$ chr10:102469794-102470193
### 296
##$$$ chr10:102469876-102470275 298
@@@@ 297
##$$$ chr10:102470466-102470865
### 297
##$$$ chr10:102470918-102471317 299
@@@@ 298
##$$$ chr10:102471074-102471473
### 298
##$$$ chr10:102471197-102471596 300
@@@@ 299
##$$$ chr10:102472655-102473054
### 299
##$$$ chr10:102472751-102473150 301
@@@@ 300
##$$$ chr10:102473371-102473770
### 300
##$$$ chr10:102473542-102473941 302
@@@@ 301
##$$$ chr10:102473620-102474019
### 301
##$$$ chr10:102473813-102474212 303
@@@@ 302
##$$$ chr10:102475523-102475922
### 302

 ENST00000238961.9 20
+
##$$$ chr10:100913051-100913450 304
@@@@ 303
##$$$ chr10:100915800-100916199
### 303
##$$$ chr10:100915843-100916242 305
@@@@ 304
##$$$ chr10:100916371-100916770
### 304
##$$$ chr10:100917101-100917500 306
@@@@ 305
##$$$ chr10:100918185-100918584
### 305
##$$$ chr10:100918242-100918641 307
@@@@ 306
##$$$ chr10:100923776-100924175
### 306
##$$$ chr10:100924773-100925172 308
@@@@ 307
##$$$ chr10:100925750-100926149
### 307
##$$$ chr10:100925820-100926219 309
@@@@ 308
##$$$ chr10:100929118-100929517
### 308
##$$$ chr10:100929240-100929639 310
@@@@ 309
##$$$ chr10:100929631-100930030
### 309
##$$$ chr10:100929798-100930197 311
@@@@ 310
##$$$ chr10:100930777-100931176
### 310
##$$$ chr10:100930879-100931278 312
@@@@ 311
##$$$ chr10:100937203-100937602
### 311
##$$$ chr10:100937278-100937677 313
@@@@ 312
##$$$ chr10:100938396-100938795
### 312
##$$$ chr10:100938537-100938936 314
@@@@ 313
##$$$ chr10:100943827-100944226
### 313
##$$$ chr10:100943929-100944328 315
@@@@ 314
##$$$ chr10:100945131-100945530
### 314
##$$$ chr10:100945307-100945706 316
@@@@ 315
##$$$ chr10:100946840-100947239
### 315
##$$$ chr10:100946937-100947336 317
@@@@ 316
##$$$ chr10:100947561-100947960
### 316
##$$$ chr10:100947648-100948047 318
@@@@ 317
##$$$ chr10:100949877-100950276
### 317
##$$$ chr10:100950008-100950407 319
@@@@ 318
##$$$ chr10:100950477-100950876
### 318
##$$$ chr10:100950554-100950953 320
@@@@ 319
##$$$ chr10:100956252-100956651
### 319
##$$$ chr10:100956338-100956737 321
@@@@ 320
##$$$ chr10:100959229-100959628
### 320
##$$$ chr10:100959297-100959696 322
@@@@ 321
##$$$ chr10:100961678-100962077
### 321

 ENST00000238983.9 10
+
##$$$ chr10:88664292-88664691 323
@@@@ 322
##$$$ chr10:88667088-88667487
### 322
##$$$ chr10:88667203-88667602 324
@@@@ 323
##$$$ chr10:88667370-88667769
### 323
##$$$ chr10:88667487-88667886 325
@@@@ 324
##$$$ chr10:88668359-88668758
### 324
##$$$ chr10:88668557-88668956 326
@@@@ 325
##$$$ chr10:88669638-88670037
### 325
##$$$ chr10:88669747-88670146 327
@@@@ 326
##$$$ chr10:88671630-88672029
### 326
##$$$ chr10:88671766-88672165 328
@@@@ 327
##$$$ chr10:88673389-88673788
### 327
##$$$ chr10:88673535-88673934 329
@@@@ 328
##$$$ chr10:88675387-88675786
### 328
##$$$ chr10:88675458-88675857 330
@@@@ 329
##$$$ chr10:88676010-88676409
### 329
##$$$ chr10:88676081-88676480 331
@@@@ 330
##$$$ chr10:88678246-88678645
### 330

 ENST00000238994.6 2
-
##$$$ chr10:91632756-91633155 332
@@@@ 331

 ENST00000239007.11 6
+
##$$$ chr10:110226084-110226483 333
@@@@ 332
##$$$ chr10:110227990-110228389
### 332
##$$$ chr10:110228122-110228521 334
@@@@ 333
##$$$ chr10:110244629-110245028
### 333
##$$$ chr10:110244658-110245057 335
@@@@ 334
##$$$ chr10:110278981-110279380
### 334
##$$$ chr10:110279095-110279494 336
@@@@ 335
##$$$ chr10:110279715-110280114
### 335
##$$$ chr10:110279886-110280285 337
@@@@ 336
##$$$ chr10:110284625-110285024
### 336

 ENST00000239026.10 20
+
##$$$ chr10:94501289-94501688 338
@@@@ 337
##$$$ chr10:94550773-94551172
### 337
##$$$ chr10:94550797-94551196 339
@@@@ 338
##$$$ chr10:94562492-94562891
### 338
##$$$ chr10:94562528-94562927